<?xml version="1.0" encoding="UTF-8"?>
<!-- Generated by org.testng.reporters.JUnitReportReporter -->
<testsuite hostname="manjuvani_a_Laptop" name="com.testscript.LoginTest" tests="1" failures="0" timestamp="27 Aug 2017 05:15:09 GMT" time="118.720" errors="0">
  <testcase name="appLogin" time="118.720" classname="com.testscript.LoginTest"/>
</testsuite> <!-- com.testscript.LoginTest -->
