<?xml version="1.0" encoding="UTF-8"?>
<!-- Generated by org.testng.reporters.JUnitReportReporter -->
<testsuite hostname="manjuvani_a_Laptop" name="com.testscript.LoginTest" tests="1" failures="0" timestamp="28 Aug 2017 17:16:01 GMT" time="46.908" errors="0">
  <testcase name="appLogin" time="46.908" classname="com.testscript.LoginTest"/>
</testsuite> <!-- com.testscript.LoginTest -->
